<?xml version="1.0" encoding="UTF-8"?>
<testng-results total="7" passed="7" failed="0" skipped="0">
  <reporter-output>
  </reporter-output>
  <suite started-at="2020-07-06T13:36:25Z" name="Test Suite" finished-at="2020-07-06T13:39:10Z" duration-ms="164719">
    <groups>
    </groups>
    <test started-at="2020-07-06T13:36:25Z" name="Edx Test" finished-at="2020-07-06T13:39:10Z" duration-ms="164719">
      <class name="org.edx.test.ProjectTest">
        <test-method is-config="true" signature="createDriver()[pri:0, instance:org.edx.test.ProjectTest@66498326]" started-at="2020-07-06T19:06:25Z" name="createDriver" finished-at="2020-07-06T19:06:35Z" duration-ms="9629" status="PASS">
          <reporter-output>
          </reporter-output>
        </test-method> <!-- createDriver -->
        <test-method signature="invalidLogin()[pri:0, instance:org.edx.test.ProjectTest@66498326]" started-at="2020-07-06T19:06:35Z" name="invalidLogin" finished-at="2020-07-06T19:06:43Z" duration-ms="7409" status="PASS">
          <reporter-output>
          </reporter-output>
        </test-method> <!-- invalidLogin -->
        <test-method signature="validLogin()[pri:0, instance:org.edx.test.ProjectTest@66498326]" started-at="2020-07-06T19:06:43Z" name="validLogin" finished-at="2020-07-06T19:06:46Z" duration-ms="3490" status="PASS">
          <reporter-output>
          </reporter-output>
        </test-method> <!-- validLogin -->
        <test-method signature="emptySearch()[pri:0, instance:org.edx.test.ProjectTest@66498326]" started-at="2020-07-06T19:06:46Z" name="emptySearch" finished-at="2020-07-06T19:06:57Z" duration-ms="11066" status="PASS">
          <reporter-output>
          </reporter-output>
        </test-method> <!-- emptySearch -->
        <test-method signature="wrongSearch()[pri:0, instance:org.edx.test.ProjectTest@66498326]" started-at="2020-07-06T19:06:57Z" name="wrongSearch" finished-at="2020-07-06T19:07:09Z" duration-ms="11490" status="PASS">
          <reporter-output>
          </reporter-output>
        </test-method> <!-- wrongSearch -->
        <test-method signature="rightSearch()[pri:0, instance:org.edx.test.ProjectTest@66498326]" started-at="2020-07-06T19:07:09Z" name="rightSearch" finished-at="2020-07-06T19:07:20Z" duration-ms="11492" status="PASS">
          <reporter-output>
          </reporter-output>
        </test-method> <!-- rightSearch -->
        <test-method signature="filterTest()[pri:0, instance:org.edx.test.ProjectTest@66498326]" started-at="2020-07-06T19:07:20Z" name="filterTest" finished-at="2020-07-06T19:07:52Z" duration-ms="32080" status="PASS">
          <reporter-output>
          </reporter-output>
        </test-method> <!-- filterTest -->
        <test-method signature="courseInfo()[pri:0, instance:org.edx.test.ProjectTest@66498326]" started-at="2020-07-06T19:07:52Z" name="courseInfo" finished-at="2020-07-06T19:09:10Z" duration-ms="77700" status="PASS">
          <reporter-output>
          </reporter-output>
        </test-method> <!-- courseInfo -->
        <test-method is-config="true" signature="closeBrowser()[pri:0, instance:org.edx.test.ProjectTest@66498326]" started-at="2020-07-06T19:09:10Z" name="closeBrowser" finished-at="2020-07-06T19:09:10Z" duration-ms="337" status="PASS">
          <reporter-output>
          </reporter-output>
        </test-method> <!-- closeBrowser -->
      </class> <!-- org.edx.test.ProjectTest -->
    </test> <!-- Edx Test -->
  </suite> <!-- Test Suite -->
</testng-results>
