<?xml version="1.0" encoding="UTF-8"?>
<testsuite xmlns:xsi="http://www.w3.org/2001/XMLSchema-instance" xsi:noNamespaceSchemaLocation="https://maven.apache.org/surefire/maven-surefire-plugin/xsd/surefire-test-report-3.0.xsd" version="3.0" name="TestSuite" time="174.707" tests="9" errors="0" skipped="8" failures="1">
  <properties>
[...]
</properties>
  <testcase name="createDriver" classname="org.edx.test.ProjectTest" time="169.078">
    <failure message="session not created&#10;from disconnected: received Inspector.detached event&#10;  (Session info: chrome=83.0.4103.116)&#10;Build info: version: &apos;3.141.59&apos;, revision: &apos;e82be7d358&apos;, time: &apos;2018-11-14T08:17:03&apos;&#10;System info: host: &apos;HP-Notebook&apos;, ip: &apos;127.0.1.1&apos;, os.name: &apos;Linux&apos;, os.arch: &apos;amd64&apos;, os.version: &apos;5.4.0-39-generic&apos;, java.version: &apos;11.0.7&apos;&#10;Driver info: driver.version: Driver&#10;remote stacktrace: #0 0x5630b6adc969 &lt;unknown&gt;&#10;" type="org.openqa.selenium.SessionNotCreatedException"><![CDATA[org.openqa.selenium.SessionNotCreatedException: 
session not created
from disconnected: received Inspector.detached event
  (Session info: chrome=83.0.4103.116)
Build info: version: '3.141.59', revision: 'e82be7d358', time: '2018-11-14T08:17:03'
System info: host: 'HP-Notebook', ip: '127.0.1.1', os.name: 'Linux', os.arch: 'amd64', os.version: '5.4.0-39-generic', java.version: '11.0.7'
Driver info: driver.version: Driver
remote stacktrace: #0 0x5630b6adc969 <unknown>

	at org.edx.test.ProjectTest.createDriver(ProjectTest.java:47)
]]></failure>
    <system-out><![CDATA[chrome
]]></system-out>
    <system-err><![CDATA[Starting ChromeDriver 83.0.4103.14 (be04594a2b8411758b860104bc0a1033417178be-refs/branch-heads/4103@{#119}) on port 16389
Only local connections are allowed.
Please see https://chromedriver.chromium.org/security-considerations for suggestions on keeping ChromeDriver safe.
ChromeDriver was started successfully.
]]></system-err>
  </testcase>
  <testcase name="invalidLogin" classname="org.edx.test.ProjectTest" time="0">
    <skipped/>
  </testcase>
  <testcase name="validLogin" classname="org.edx.test.ProjectTest" time="0">
    <skipped/>
  </testcase>
  <testcase name="emptySearch" classname="org.edx.test.ProjectTest" time="0">
    <skipped/>
  </testcase>
  <testcase name="wrongSearch" classname="org.edx.test.ProjectTest" time="0">
    <skipped/>
  </testcase>
  <testcase name="rightSearch" classname="org.edx.test.ProjectTest" time="0">
    <skipped/>
  </testcase>
  <testcase name="filterTest" classname="org.edx.test.ProjectTest" time="0">
    <skipped/>
  </testcase>
  <testcase name="courseInfo" classname="org.edx.test.ProjectTest" time="0">
    <skipped/>
  </testcase>
  <testcase name="closeBrowser" classname="org.edx.test.ProjectTest" time="0">
    <skipped/>
  </testcase>
</testsuite>