<?xml version="1.0" encoding="UTF-8"?>
<testsuite xmlns:xsi="http://www.w3.org/2001/XMLSchema-instance" xsi:noNamespaceSchemaLocation="https://maven.apache.org/surefire/maven-surefire-plugin/xsd/surefire-test-report-3.0.xsd" version="3.0" name="TestSuite" time="166.647" tests="7" errors="0" skipped="0" failures="0">
  <properties>
[...]
</properties>
  <testcase name="invalidLogin" classname="org.edx.test.ProjectTest" time="7.409"/>
  <testcase name="validLogin" classname="org.edx.test.ProjectTest" time="3.49"/>
  <testcase name="emptySearch" classname="org.edx.test.ProjectTest" time="11.065"/>
  <testcase name="wrongSearch" classname="org.edx.test.ProjectTest" time="11.487"/>
  <testcase name="rightSearch" classname="org.edx.test.ProjectTest" time="11.492"/>
  <testcase name="filterTest" classname="org.edx.test.ProjectTest" time="32.079"/>
  <testcase name="courseInfo" classname="org.edx.test.ProjectTest" time="77.699"/>
</testsuite>