<?xml version="1.0" encoding="UTF-8"?>
<!-- Generated by org.testng.reporters.JUnitXMLReporter -->
<testsuite hostname="HP-Notebook" failures="0" tests="7" name="Edx Test" time="164.719" errors="0" timestamp="6 Jul 2020 13:39:10 GMT">
  <testcase classname="org.edx.test.ProjectTest" name="invalidLogin" time="7.409"/>
  <testcase classname="org.edx.test.ProjectTest" name="validLogin" time="3.49"/>
  <testcase classname="org.edx.test.ProjectTest" name="emptySearch" time="11.066"/>
  <testcase classname="org.edx.test.ProjectTest" name="wrongSearch" time="11.49"/>
  <testcase classname="org.edx.test.ProjectTest" name="rightSearch" time="11.492"/>
  <testcase classname="org.edx.test.ProjectTest" name="filterTest" time="32.08"/>
  <testcase classname="org.edx.test.ProjectTest" name="courseInfo" time="77.7"/>
</testsuite> <!-- Edx Test -->
